0 info it worked if it ends with ok
1 verbose cli [ '/home/danil/.nvm/v0.11.10/bin/node',
1 verbose cli   '/home/danil/.nvm/v0.11.10/bin/npm',
1 verbose cli   'version',
1 verbose cli   'patch' ]
2 info using npm@1.3.22
3 info using node@v0.11.10
4 error Error: Git working directory not clean.
4 error M  app/data/table.json
4 error M  app/data/table2.json
4 error A  app/data/table3.json
4 error M  utils/parse_table.rb
4 error     at /home/danil/.nvm/v0.11.10/lib/node_modules/npm/lib/version.js:98:35
4 error     at ChildProcess.exithandler (child_process.js:694:7)
4 error     at ChildProcess.EventEmitter.emit (events.js:104:17)
4 error     at maybeClose (child_process.js:808:16)
4 error     at Socket.<anonymous> (child_process.js:1025:11)
4 error     at Socket.EventEmitter.emit (events.js:101:17)
4 error     at Pipe.close (net.js:459:12)
5 error If you need help, you may report this *entire* log,
5 error including the npm and node versions, at:
5 error     <http://github.com/isaacs/npm/issues>
6 error System Linux 3.11.0-15-generic
7 error command "/home/danil/.nvm/v0.11.10/bin/node" "/home/danil/.nvm/v0.11.10/bin/npm" "version" "patch"
8 error cwd /home/danil/code/SuperTable
9 error node -v v0.11.10
10 error npm -v 1.3.22
11 verbose exit [ 1, true ]
